[19Jul2026 17:44:33.538] [main/INFO] [cpw.mods.modlauncher.Launcher/MODLAUNCHER]: ModLauncher running: args [--launchTarget, forgeclientuserdev, --version, 21.1.80, --assetIndex, 17, --assetsDir, C:\\Users\\Пользователь\\.gradle\\caches\\neoformruntime\\assets, --gameDir, ., --fml.neoForgeVersion, 21.1.80, --fml.fmlVersion, 4.0.31, --fml.mcVersion, 1.21.1, --fml.neoFormVersion, 20240808.144430]
[19Jul2026 17:44:33.547] [main/INFO] [cpw.mods.modlauncher.Launcher/MODLAUNCHER]: JVM identified as Oracle Corporation OpenJDK 64-Bit Server VM 21.0.2+13-58
[19Jul2026 17:44:33.549] [main/INFO] [cpw.mods.modlauncher.Launcher/MODLAUNCHER]: ModLauncher 11.0.4+main.d2e20e43 starting: java version 21.0.2 by Oracle Corporation; OS Windows 10 arch amd64 version 10.0
[19Jul2026 17:44:33.853] [main/INFO] [net.neoforged.fml.loading.ImmediateWindowHandler/]: Loading ImmediateWindowProvider fmlearlywindow
[19Jul2026 17:44:34.201] [main/INFO] [EARLYDISPLAY/]: Trying GL version 4.6
[19Jul2026 17:44:34.771] [main/INFO] [EARLYDISPLAY/]: Trying GL version 4.5
[19Jul2026 17:44:34.779] [main/INFO] [EARLYDISPLAY/]: Trying GL version 4.4
[19Jul2026 17:44:34.788] [main/INFO] [EARLYDISPLAY/]: Trying GL version 4.3
[19Jul2026 17:44:34.797] [main/INFO] [EARLYDISPLAY/]: Trying GL version 4.2
[19Jul2026 17:44:34.806] [main/INFO] [EARLYDISPLAY/]: Trying GL version 4.1
[19Jul2026 17:44:34.815] [main/INFO] [EARLYDISPLAY/]: Trying GL version 4.0
[19Jul2026 17:44:34.825] [main/INFO] [EARLYDISPLAY/]: Trying GL version 3.3
[19Jul2026 17:44:34.977] [main/INFO] [EARLYDISPLAY/]: Requested GL version 3.3 got version 3.3
[19Jul2026 17:44:35.240] [main/INFO] [mixin/]: SpongePowered MIXIN Subsystem Version=0.8.7 Source=union:/C:/Users/Пользователь/.gradle/caches/modules-2/files-2.1/net.fabricmc/sponge-mixin/0.15.2+mixin.0.8.7/2af2f021d8e02a0220dc27a7a72b4666d66d44ca/sponge-mixin-0.15.2+mixin.0.8.7.jar%23131!/ Service=ModLauncher Env=CLIENT
[19Jul2026 17:44:36.012] [pool-2-thread-1/INFO] [EARLYDISPLAY/]: GL info: GeForce 8400 GS/PCIe/SSE2 GL version 3.3.0, NVIDIA Corporation
[19Jul2026 17:44:36.320] [main/INFO] [net.neoforged.fml.loading.moddiscovery.locators.JarInJarDependencyLocator/]: Found 2 dependencies adding them to mods collection
[19Jul2026 17:44:36.324] [main/INFO] [net.neoforged.fml.loading.moddiscovery.ModDiscoverer/]: 
     Mod List:
		Name Version (Mod Id)

		Endemeral 1.0.0 (endemeral)
		Minecraft 1.21.1 (minecraft)
		NeoForge 21.1.80 (neoforge)
		TerraBlender 4.1.0.8 (terrablender)
[19Jul2026 17:44:39.062] [main/INFO] [mixin/]: Compatibility level set to JAVA_18
[19Jul2026 17:44:39.065] [main/INFO] [mixin/]: Compatibility level set to JAVA_21
[19Jul2026 17:44:39.081] [main/INFO] [cpw.mods.modlauncher.LaunchServiceHandler/MODLAUNCHER]: Launching target 'forgeclientuserdev' with arguments [--version, 21.1.80, --gameDir, ., --assetsDir, C:\Users\Пользователь\.gradle\caches\neoformruntime\assets, --assetIndex, 17]
[19Jul2026 17:44:39.261] [main/WARN] [mixin/]: Reference map 'endemeral.refmap.json' for endemeral.mixins.json could not be read. If this is a development environment you can ignore this message
[19Jul2026 17:44:39.263] [main/WARN] [mixin/]: Reference map 'terrablender.refmap.json' for terrablender.mixins.json could not be read. If this is a development environment you can ignore this message
[19Jul2026 17:44:39.264] [main/WARN] [mixin/]: Reference map 'terrablender.refmap.json' for terrablender_neoforge.mixins.json could not be read. If this is a development environment you can ignore this message
[19Jul2026 17:44:46.284] [Datafixer Bootstrap/INFO] [com.mojang.datafixers.DataFixerBuilder/]: 229 Datafixer optimizations took 2466 milliseconds
[19Jul2026 17:44:46.404] [main/WARN] [oshi.util.platform.windows.PerfDataUtil/]: Failed to add PDH Counter: \Paging File(_Total)\% Usage, Error code: 0xC0000BB8
[19Jul2026 17:44:46.406] [main/WARN] [oshi.util.platform.windows.PerfCounterQueryHandler/]: Failed to add counter for PDH counter: \Paging File(_Total)\% Usage
[19Jul2026 17:44:46.407] [main/WARN] [oshi.util.platform.windows.PerfCounterQuery/]: Disabling further attempts to query Paging File.
[19Jul2026 17:44:48.235] [main/WARN] [oshi.util.platform.windows.WmiQueryHandler/]: COM exception: Invalid Query: SELECT PERCENTUSAGE FROM Win32_PerfRawData_PerfOS_PagingFile
[19Jul2026 17:44:48.283] [pool-7-thread-1/INFO] [MixinExtras|Service/]: Initializing MixinExtras via com.llamalad7.mixinextras.service.MixinExtrasServiceImpl(version=0.4.1).
[19Jul2026 17:45:01.351] [main/WARN] [net.minecraft.commands.Commands/]: Ambiguity between arguments [teleport, location] and [teleport, destination] with inputs: [0.1 -0.5 .9, 0 0 0]
[19Jul2026 17:45:01.354] [main/WARN] [net.minecraft.commands.Commands/]: Ambiguity between arguments [teleport, location] and [teleport, targets] with inputs: [0.1 -0.5 .9, 0 0 0]
[19Jul2026 17:45:01.369] [main/WARN] [net.minecraft.commands.Commands/]: Ambiguity between arguments [teleport, destination] and [teleport, targets] with inputs: [Player, 0123, @e, dd12be42-52a9-4a91-a8a1-11c01849e498]
[19Jul2026 17:45:01.374] [main/WARN] [net.minecraft.commands.Commands/]: Ambiguity between arguments [teleport, targets] and [teleport, destination] with inputs: [Player, 0123, dd12be42-52a9-4a91-a8a1-11c01849e498]
[19Jul2026 17:45:01.377] [main/WARN] [net.minecraft.commands.Commands/]: Ambiguity between arguments [teleport, targets, location] and [teleport, targets, destination] with inputs: [0.1 -0.5 .9, 0 0 0]
[19Jul2026 17:45:01.675] [Render thread/WARN] [net.minecraft.server.packs.VanillaPackResourcesBuilder/]: Assets URL 'union:/C:/Users/Пользователь/Documents/Endemeral/neoforge/build/moddev/artifacts/neoforge-21.1.80-minecraft.jar%23183!/assets/.mcassetsroot' uses unexpected schema
[19Jul2026 17:45:01.676] [Render thread/WARN] [net.minecraft.server.packs.VanillaPackResourcesBuilder/]: Assets URL 'union:/C:/Users/Пользователь/Documents/Endemeral/neoforge/build/moddev/artifacts/neoforge-21.1.80-minecraft.jar%23183!/data/.mcassetsroot' uses unexpected schema
[19Jul2026 17:45:01.733] [Render thread/INFO] [com.mojang.authlib.yggdrasil.YggdrasilAuthenticationService/]: Environment: Environment[sessionHost=https://sessionserver.mojang.com, servicesHost=https://api.minecraftservices.com, name=PROD]
[19Jul2026 17:45:01.755] [Render thread/INFO] [net.minecraft.client.Minecraft/]: Setting user: Dev
[19Jul2026 17:45:02.111] [Render thread/INFO] [net.minecraft.client.Minecraft/]: Backend library: LWJGL version 3.3.3+5
[19Jul2026 17:45:03.166] [modloading-worker-0/INFO] [net.neoforged.neoforge.common.NeoForgeMod/NEOFORGE-MOD]: NeoForge mod loading, version 21.1.80, for MC 1.21.1
[19Jul2026 17:45:04.490] [Render thread/INFO] [net.neoforged.neoforge.gametest.GameTestHooks/]: Enabled Gametest Namespaces: [endemeral]
[19Jul2026 17:45:04.792] [Render thread/INFO] [net.minecraft.server.packs.resources.ReloadableResourceManager/]: Reloading ResourceManager: vanilla, mod_resources, mod/endemeral, mod/terrablender, mod/neoforge
[19Jul2026 17:45:05.180] [Worker-Main-1/INFO] [net.minecraft.client.gui.font.providers.UnihexProvider/]: Found unifont_all_no_pua-15.1.05.hex, loading
[19Jul2026 17:45:06.335] [Worker-Main-1/INFO] [net.minecraft.client.gui.font.providers.UnihexProvider/]: Found unifont_jp_patch-15.1.05.hex, loading
[19Jul2026 17:45:10.517] [Render thread/WARN] [net.minecraft.client.sounds.SoundEngine/]: Missing sound for event: minecraft:item.goat_horn.play
[19Jul2026 17:45:10.518] [Render thread/WARN] [net.minecraft.client.sounds.SoundEngine/]: Missing sound for event: minecraft:entity.goat.screaming.horn_break
[19Jul2026 17:45:10.589] [Render thread/INFO] [com.mojang.blaze3d.audio.Library/]: OpenAL initialized on device OpenAL Soft on Наушники (RDM-178)
[19Jul2026 17:45:10.590] [Render thread/INFO] [net.minecraft.client.sounds.SoundEngine/SOUNDS]: Sound engine started
[19Jul2026 17:45:10.737] [Render thread/INFO] [net.minecraft.client.renderer.texture.TextureAtlas/]: Created: 1024x512x4 minecraft:textures/atlas/blocks.png-atlas
[19Jul2026 17:45:10.755] [Render thread/INFO] [net.minecraft.client.renderer.texture.TextureAtlas/]: Created: 256x256x4 minecraft:textures/atlas/signs.png-atlas
[19Jul2026 17:45:10.757] [Render thread/INFO] [net.minecraft.client.renderer.texture.TextureAtlas/]: Created: 512x512x4 minecraft:textures/atlas/shield_patterns.png-atlas
[19Jul2026 17:45:10.758] [Render thread/INFO] [net.minecraft.client.renderer.texture.TextureAtlas/]: Created: 512x512x4 minecraft:textures/atlas/banner_patterns.png-atlas
[19Jul2026 17:45:10.760] [Render thread/INFO] [net.minecraft.client.renderer.texture.TextureAtlas/]: Created: 1024x1024x4 minecraft:textures/atlas/armor_trims.png-atlas
[19Jul2026 17:45:10.769] [Render thread/INFO] [net.minecraft.client.renderer.texture.TextureAtlas/]: Created: 128x64x4 minecraft:textures/atlas/decorated_pot.png-atlas
[19Jul2026 17:45:10.770] [Render thread/INFO] [net.minecraft.client.renderer.texture.TextureAtlas/]: Created: 256x256x4 minecraft:textures/atlas/chest.png-atlas
[19Jul2026 17:45:10.771] [Render thread/INFO] [net.minecraft.client.renderer.texture.TextureAtlas/]: Created: 512x256x4 minecraft:textures/atlas/beds.png-atlas
[19Jul2026 17:45:10.771] [Render thread/INFO] [net.minecraft.client.renderer.texture.TextureAtlas/]: Created: 512x256x4 minecraft:textures/atlas/shulker_boxes.png-atlas
[19Jul2026 17:45:11.125] [Render thread/INFO] [net.minecraft.client.renderer.texture.TextureAtlas/]: Created: 512x256x0 minecraft:textures/atlas/particles.png-atlas
[19Jul2026 17:45:11.127] [Render thread/INFO] [net.minecraft.client.renderer.texture.TextureAtlas/]: Created: 512x256x0 minecraft:textures/atlas/paintings.png-atlas
[19Jul2026 17:45:11.128] [Render thread/INFO] [net.minecraft.client.renderer.texture.TextureAtlas/]: Created: 256x128x0 minecraft:textures/atlas/mob_effects.png-atlas
[19Jul2026 17:45:11.129] [Render thread/INFO] [net.minecraft.client.renderer.texture.TextureAtlas/]: Created: 64x64x0 minecraft:textures/atlas/map_decorations.png-atlas
[19Jul2026 17:45:11.130] [Render thread/INFO] [net.minecraft.client.renderer.texture.TextureAtlas/]: Created: 1024x512x0 minecraft:textures/atlas/gui.png-atlas
[19Jul2026 17:45:11.184] [Render thread/WARN] [net.minecraft.client.renderer.ShaderInstance/]: Shader rendertype_entity_translucent_emissive could not find sampler named Sampler2 in the specified shader program.
[19Jul2026 17:45:11.310] [Render thread/INFO] [net.neoforged.neoforge.client.entity.animation.json.AnimationLoader/]: Loaded 0 entity animations
[19Jul2026 17:45:18.954] [Render thread/INFO] [net.minecraft.world.level.storage.LevelStorageSource/]: Deleting level New World
[19Jul2026 17:45:18.955] [Render thread/INFO] [net.minecraft.world.level.storage.LevelStorageSource/]: Attempt 1...
[19Jul2026 17:45:21.569] [Render thread/INFO] [net.minecraft.world.item.crafting.RecipeManager/]: Loaded 1290 recipes
[19Jul2026 17:45:22.434] [Render thread/INFO] [net.minecraft.advancements.AdvancementTree/]: Loaded 1399 advancements
[19Jul2026 17:45:26.352] [Server thread/INFO] [net.minecraft.client.server.IntegratedServer/]: Starting integrated minecraft server version 1.21.1
[19Jul2026 17:45:26.352] [Server thread/INFO] [net.minecraft.server.MinecraftServer/]: Generating keypair
[19Jul2026 17:45:26.522] [Server thread/INFO] [terrablender/]: Registered region minecraft:overworld to index 0 for type OVERWORLD
[19Jul2026 17:45:26.522] [Server thread/INFO] [terrablender/]: Registered region minecraft:nether to index 0 for type NETHER
[19Jul2026 17:45:26.767] [Server thread/INFO] [terrablender/]: Initialized TerraBlender biomes for level stem minecraft:overworld
[19Jul2026 17:45:26.772] [Server thread/INFO] [terrablender/]: Initialized TerraBlender biomes for level stem minecraft:the_nether
[19Jul2026 17:45:41.625] [Server thread/INFO] [net.minecraft.server.MinecraftServer/]: Preparing start region for dimension minecraft:overworld
[19Jul2026 17:45:42.053] [progressListener/INFO] [net.minecraft.server.level.progress.LoggerChunkProgressListener/]: Preparing spawn area: 2%
[19Jul2026 17:45:42.600] [progressListener/INFO] [net.minecraft.server.level.progress.LoggerChunkProgressListener/]: Preparing spawn area: 2%
[19Jul2026 17:45:43.025] [progressListener/INFO] [net.minecraft.server.level.progress.LoggerChunkProgressListener/]: Preparing spawn area: 2%
[19Jul2026 17:45:43.484] [progressListener/INFO] [net.minecraft.server.level.progress.LoggerChunkProgressListener/]: Preparing spawn area: 2%
[19Jul2026 17:45:43.986] [progressListener/INFO] [net.minecraft.server.level.progress.LoggerChunkProgressListener/]: Preparing spawn area: 2%
[19Jul2026 17:45:44.462] [progressListener/INFO] [net.minecraft.server.level.progress.LoggerChunkProgressListener/]: Preparing spawn area: 2%
[19Jul2026 17:45:45.042] [progressListener/INFO] [net.minecraft.server.level.progress.LoggerChunkProgressListener/]: Preparing spawn area: 2%
[19Jul2026 17:45:45.580] [progressListener/INFO] [net.minecraft.server.level.progress.LoggerChunkProgressListener/]: Preparing spawn area: 18%
[19Jul2026 17:45:46.063] [progressListener/INFO] [net.minecraft.server.level.progress.LoggerChunkProgressListener/]: Preparing spawn area: 18%
[19Jul2026 17:45:46.467] [progressListener/INFO] [net.minecraft.server.level.progress.LoggerChunkProgressListener/]: Preparing spawn area: 18%
[19Jul2026 17:45:47.145] [progressListener/INFO] [net.minecraft.server.level.progress.LoggerChunkProgressListener/]: Preparing spawn area: 18%
[19Jul2026 17:45:47.505] [progressListener/INFO] [net.minecraft.server.level.progress.LoggerChunkProgressListener/]: Preparing spawn area: 18%
[19Jul2026 17:45:47.997] [progressListener/INFO] [net.minecraft.server.level.progress.LoggerChunkProgressListener/]: Preparing spawn area: 18%
[19Jul2026 17:45:48.544] [progressListener/INFO] [net.minecraft.server.level.progress.LoggerChunkProgressListener/]: Preparing spawn area: 51%
[19Jul2026 17:45:48.958] [progressListener/INFO] [net.minecraft.server.level.progress.LoggerChunkProgressListener/]: Preparing spawn area: 51%
[19Jul2026 17:45:49.556] [progressListener/INFO] [net.minecraft.server.level.progress.LoggerChunkProgressListener/]: Preparing spawn area: 51%
[19Jul2026 17:45:50.014] [progressListener/INFO] [net.minecraft.server.level.progress.LoggerChunkProgressListener/]: Preparing spawn area: 51%
[19Jul2026 17:45:50.511] [progressListener/INFO] [net.minecraft.server.level.progress.LoggerChunkProgressListener/]: Preparing spawn area: 51%
[19Jul2026 17:45:51.341] [progressListener/INFO] [net.minecraft.server.level.progress.LoggerChunkProgressListener/]: Preparing spawn area: 51%
[19Jul2026 17:45:51.571] [progressListener/INFO] [net.minecraft.server.level.progress.LoggerChunkProgressListener/]: Preparing spawn area: 51%
[19Jul2026 17:45:52.112] [Server thread/INFO] [net.neoforged.neoforge.server.permission.PermissionAPI/]: Successfully initialized permission handler neoforge:default_handler
[19Jul2026 17:45:52.123] [progressListener/INFO] [net.minecraft.server.level.progress.LoggerChunkProgressListener/]: Time elapsed: 10167 ms
[19Jul2026 17:45:52.184] [Server thread/INFO] [net.minecraft.client.server.IntegratedServer/]: Changing view distance to 2, from 10
[19Jul2026 17:45:52.184] [Server thread/INFO] [net.minecraft.client.server.IntegratedServer/]: Changing simulation distance to 5, from 0
[19Jul2026 17:45:55.110] [Server thread/INFO] [net.minecraft.server.players.PlayerList/]: Dev[local:E:48447f94] logged in with entity id 1 at (-85.5, 64.0, -33.5)
[19Jul2026 17:45:55.232] [Server thread/INFO] [net.minecraft.server.MinecraftServer/]: Dev joined the game
[19Jul2026 17:45:57.156] [Render thread/INFO] [net.minecraft.advancements.AdvancementTree/]: Loaded 2 advancements
[19Jul2026 17:46:12.334] [Server thread/INFO] [net.minecraft.server.MinecraftServer/]: Dev has made the advancement [The End?]
[19Jul2026 17:46:12.342] [Server thread/INFO] [net.minecraft.server.MinecraftServer/]: [Dev: Teleported Dev to -85.500000, 70.243150, -33.500000]
[19Jul2026 17:46:13.462] [Render thread/INFO] [net.minecraft.client.gui.components.ChatComponent/]: [System] [CHAT] Dev has made the advancement [The End?]
[19Jul2026 17:46:13.469] [Render thread/INFO] [net.minecraft.client.gui.components.ChatComponent/]: [System] [CHAT] Teleported Dev to -85.500000, 70.243150, -33.500000
[19Jul2026 17:46:15.911] [Server thread/WARN] [net.minecraft.server.MinecraftServer/]: Can't keep up! Is the server overloaded? Running 3530ms or 70 ticks behind
[19Jul2026 17:46:16.601] [Render thread/INFO] [net.minecraft.advancements.AdvancementTree/]: Loaded 17 advancements
[19Jul2026 17:46:16.821] [Server thread/INFO] [net.minecraft.world.level.dimension.end.EndDragonFight/]: Scanning for legacy world dragon fight...
[19Jul2026 17:46:16.822] [Server thread/INFO] [net.minecraft.world.level.dimension.end.EndDragonFight/]: Found that the dragon has not yet been killed in this world.
[19Jul2026 17:46:34.073] [Server thread/INFO] [net.minecraft.server.MinecraftServer/]: [Dev: Teleported Dev to Ender Dragon]
[19Jul2026 17:46:34.081] [Render thread/INFO] [net.minecraft.client.gui.components.ChatComponent/]: [System] [CHAT] Teleported Dev to Ender Dragon
[19Jul2026 17:46:58.513] [worldgen/WARN] [net.minecraft.world.level.levelgen.heightproviders.UniformHeight/]: Empty height range: [6 above bottom--1 absolute]
[19Jul2026 17:46:58.515] [worldgen/WARN] [net.minecraft.world.level.levelgen.heightproviders.UniformHeight/]: Empty height range: [136 absolute-0 below top]
[19Jul2026 17:46:58.980] [Server thread/INFO] [net.minecraft.server.MinecraftServer/]: [Dev: Teleported Dev to -81.110491, 61.044249, 10058.831292]
[19Jul2026 17:46:58.999] [Render thread/INFO] [net.minecraft.client.gui.components.ChatComponent/]: [System] [CHAT] Teleported Dev to -81.110491, 61.044249, 10058.831292
[19Jul2026 17:47:12.182] [Server thread/INFO] [net.minecraft.client.server.IntegratedServer/]: Saving and pausing game...
[19Jul2026 17:47:12.212] [Server thread/INFO] [net.minecraft.server.MinecraftServer/]: Saving chunks for level 'ServerLevel[New World]'/minecraft:overworld
[19Jul2026 17:47:12.238] [Server thread/INFO] [net.minecraft.server.MinecraftServer/]: Saving chunks for level 'ServerLevel[New World]'/minecraft:the_end
[19Jul2026 17:47:12.247] [Server thread/INFO] [net.minecraft.server.MinecraftServer/]: Saving chunks for level 'ServerLevel[New World]'/minecraft:the_nether
[20Jul2026 06:09:26.500] [Server thread/WARN] [net.minecraft.server.MinecraftServer/]: Can't keep up! Is the server overloaded? Running 5957ms or 119 ticks behind
