[22:43:42] [main/INFO] (FabricLoader/GameProvider) Loading Minecraft 1.21.1 with Fabric Loader 0.19.3
[22:43:43] [main/INFO] (FabricLoader) Loading 55 mods:
	- endemeral 1.0.0
	- fabric-api 0.116.13+1.21.1
	- fabric-api-base 0.4.42+6573ed8c19
	- fabric-api-lookup-api-v1 1.6.72+7b3d111d19
	- fabric-biome-api-v1 13.0.31+d527f9fd19
	- fabric-block-api-v1 1.1.0+0bc3503219
	- fabric-block-view-api-v2 1.0.11+ebb2264e19
	- fabric-blockrenderlayer-v1 1.1.52+0af3f5a719
	- fabric-client-tags-api-v1 1.1.15+6573ed8c19
	- fabric-command-api-v1 1.2.49+f71b366f19
	- fabric-command-api-v2 2.2.28+6ced4dd919
	- fabric-commands-v0 0.2.66+df3654b319
	- fabric-content-registries-v0 8.0.19+b559734419
	- fabric-convention-tags-v1 2.1.7+7f945d5b19
	- fabric-convention-tags-v2 2.12.0+c3656daa19
	- fabric-crash-report-info-v1 0.2.29+0af3f5a719
	- fabric-data-attachment-api-v1 1.4.7+5b36e0f719
	- fabric-data-generation-api-v1 20.2.38+60a6976219
	- fabric-dimensions-v1 4.0.1+65213ef819
	- fabric-entity-events-v1 1.8.0+2b27e0a419
	- fabric-events-interaction-v0 0.7.14+ba9dae0619
	- fabric-game-rule-api-v1 1.0.53+6ced4dd919
	- fabric-gametest-api-v1 2.0.5+6fc22b9919
	- fabric-item-api-v1 11.2.0+3b3cb2e819
	- fabric-item-group-api-v1 4.1.7+def88e3a19
	- fabric-key-binding-api-v1 1.0.47+0af3f5a719
	- fabric-keybindings-v0 0.2.45+df3654b319
	- fabric-lifecycle-events-v1 2.6.0+0865547519
	- fabric-loot-api-v2 3.0.15+3f89f5a519
	- fabric-loot-api-v3 1.0.3+3f89f5a519
	- fabric-message-api-v1 6.0.14+8aaf3aca19
	- fabric-model-loading-api-v1 2.1.0+b4d813fc19
	- fabric-networking-api-v1 4.3.1+d30f6a7919
	- fabric-object-builder-api-v1 15.2.1+40875a9319
	- fabric-particles-v1 4.0.2+6573ed8c19
	- fabric-recipe-api-v1 5.0.16+2475392c19
	- fabric-registry-sync-v0 5.3.2+e3eddc2119
	- fabric-renderer-api-v1 3.4.1+b4d813fc19
	- fabric-renderer-indigo 1.7.1+c705a49c19
	- fabric-renderer-registries-v1 3.2.69+df3654b319
	- fabric-rendering-data-attachment-v1 0.3.49+73761d2e19
	- fabric-rendering-fluids-v1 3.1.6+1daea21519
	- fabric-rendering-v0 1.1.72+df3654b319
	- fabric-rendering-v1 5.1.0+ab4c25a019
	- fabric-resource-conditions-api-v1 4.3.0+8dc279b119
	- fabric-resource-loader-v0 1.3.1+5b5275af19
	- fabric-screen-api-v1 2.0.26+639b4c0719
	- fabric-screen-handler-api-v1 1.3.91+b559734419
	- fabric-sound-api-v1 1.0.23+6573ed8c19
	- fabric-transfer-api-v1 5.4.4+7b3d111d19
	- fabric-transitive-access-wideners-v1 6.2.0+45b9699719
	- fabricloader 0.19.3
	- java 21
	- minecraft 1.21.1
	- mixinextras 0.5.4
[22:43:43] [main/INFO] (FabricLoader/Mixin) SpongePowered MIXIN Subsystem Version=0.8.7 Source=file:/C:/Users/%d0%9f%d0%be%d0%bb%d1%8c%d0%b7%d0%be%d0%b2%d0%b0%d1%82%d0%b5%d0%bb%d1%8c/.gradle/caches/modules-2/files-2.1/net.fabricmc/sponge-mixin/0.17.3+mixin.0.8.7/41c4a3984a80f4679e759fb9f495587acc5cdac7/sponge-mixin-0.17.3+mixin.0.8.7.jar Service=Knot/Fabric Env=CLIENT
[22:43:44] [main/INFO] (FabricLoader/Mixin) Loaded Fabric development mappings for mixin remapper!
[22:43:44] [main/INFO] (FabricLoader/Mixin) Compatibility level set to JAVA_17
[22:43:44] [main/INFO] (FabricLoader/Mixin) Compatibility level set to JAVA_21
[22:43:51] [main/INFO] (FabricLoader/MixinExtras|Service) Initializing MixinExtras via com.llamalad7.mixinextras.service.MixinExtrasServiceImpl(version=0.5.4).
[22:43:59] [Datafixer Bootstrap/INFO] (Minecraft) 226 Datafixer optimizations took 5144 milliseconds
[22:44:00] [main/WARN] (PerfDataUtil) Failed to add PDH Counter: \Paging File(_Total)\% Usage, Error code: 0xC0000BB8
[22:44:00] [main/WARN] (PerfCounterQueryHandler) Failed to add counter for PDH counter: \Paging File(_Total)\% Usage
[22:44:00] [main/WARN] (PerfCounterQuery) Disabling further attempts to query Paging File.
[22:44:08] [main/WARN] (WmiQueryHandler) COM exception: Invalid Query: SELECT PERCENTUSAGE FROM Win32_PerfRawData_PerfOS_PagingFile
[22:44:33] [Render thread/INFO] (Minecraft) Environment: Environment[sessionHost=https://sessionserver.mojang.com, servicesHost=https://api.minecraftservices.com, name=PROD]
[22:44:33] [Render thread/INFO] (Minecraft) Setting user: Player869
[22:44:34] [Render thread/INFO] (Indigo) [Indigo] Registering Indigo renderer!
[22:44:36] [Render thread/INFO] (Minecraft) Backend library: LWJGL version 3.3.3-snapshot
[22:44:42] [Render thread/INFO] (Minecraft) Reloading ResourceManager: vanilla, fabric, fabric-api, fabric-api-base, fabric-api-lookup-api-v1, fabric-biome-api-v1, fabric-block-api-v1, fabric-block-view-api-v2, fabric-blockrenderlayer-v1, fabric-client-tags-api-v1, fabric-command-api-v1, fabric-command-api-v2, fabric-commands-v0, fabric-content-registries-v0, fabric-convention-tags-v1, fabric-convention-tags-v2, fabric-crash-report-info-v1, fabric-data-attachment-api-v1, fabric-data-generation-api-v1, fabric-dimensions-v1, fabric-entity-events-v1, fabric-events-interaction-v0, fabric-game-rule-api-v1, fabric-gametest-api-v1, fabric-item-api-v1, fabric-item-group-api-v1, fabric-key-binding-api-v1, fabric-keybindings-v0, fabric-lifecycle-events-v1, fabric-loot-api-v2, fabric-loot-api-v3, fabric-message-api-v1, fabric-model-loading-api-v1, fabric-networking-api-v1, fabric-object-builder-api-v1, fabric-particles-v1, fabric-recipe-api-v1, fabric-registry-sync-v0, fabric-renderer-api-v1, fabric-renderer-indigo, fabric-renderer-registries-v1, fabric-rendering-data-attachment-v1, fabric-rendering-fluids-v1, fabric-rendering-v0, fabric-rendering-v1, fabric-resource-conditions-api-v1, fabric-resource-loader-v0, fabric-screen-api-v1, fabric-screen-handler-api-v1, fabric-sound-api-v1, fabric-transfer-api-v1, fabric-transitive-access-wideners-v1, fabricloader
[22:44:43] [Worker-Main-3/INFO] (Minecraft) Found unifont_all_no_pua-15.1.05.hex, loading
[22:44:44] [Worker-Main-3/INFO] (Minecraft) Found unifont_jp_patch-15.1.05.hex, loading
[22:44:50] [Render thread/WARN] (Minecraft) Missing sound for event: minecraft:item.goat_horn.play
[22:44:50] [Render thread/WARN] (Minecraft) Missing sound for event: minecraft:entity.goat.screaming.horn_break
[22:44:50] [Render thread/INFO] (Minecraft) OpenAL initialized on device OpenAL Soft on Наушники (RDM-178)
[22:44:50] [Render thread/INFO] (Minecraft) Sound engine started
[22:44:50] [Render thread/INFO] (Minecraft) Created: 1024x512x4 minecraft:textures/atlas/blocks.png-atlas
[22:44:50] [Render thread/INFO] (Minecraft) Created: 256x256x4 minecraft:textures/atlas/signs.png-atlas
[22:44:50] [Render thread/INFO] (Minecraft) Created: 512x512x4 minecraft:textures/atlas/shield_patterns.png-atlas
[22:44:50] [Render thread/INFO] (Minecraft) Created: 512x512x4 minecraft:textures/atlas/banner_patterns.png-atlas
[22:44:50] [Render thread/INFO] (Minecraft) Created: 1024x1024x4 minecraft:textures/atlas/armor_trims.png-atlas
[22:44:50] [Render thread/INFO] (Minecraft) Created: 256x256x4 minecraft:textures/atlas/chest.png-atlas
[22:44:50] [Render thread/INFO] (Minecraft) Created: 128x64x4 minecraft:textures/atlas/decorated_pot.png-atlas
[22:44:50] [Render thread/INFO] (Minecraft) Created: 512x256x4 minecraft:textures/atlas/shulker_boxes.png-atlas
[22:44:50] [Render thread/INFO] (Minecraft) Created: 512x256x4 minecraft:textures/atlas/beds.png-atlas
[22:44:58] [Render thread/INFO] (Minecraft) Created: 512x256x0 minecraft:textures/atlas/particles.png-atlas
[22:44:58] [Render thread/INFO] (Minecraft) Created: 512x256x0 minecraft:textures/atlas/paintings.png-atlas
[22:44:58] [Render thread/INFO] (Minecraft) Created: 256x128x0 minecraft:textures/atlas/mob_effects.png-atlas
[22:44:58] [Render thread/INFO] (Minecraft) Created: 64x64x0 minecraft:textures/atlas/map_decorations.png-atlas
[22:44:58] [Render thread/INFO] (Minecraft) Created: 1024x512x0 minecraft:textures/atlas/gui.png-atlas
[22:44:58] [Render thread/WARN] (Minecraft) Shader rendertype_entity_translucent_emissive could not find sampler named Sampler2 in the specified shader program.
[22:45:30] [Render thread/INFO] (Minecraft) Loaded 1290 recipes
[22:45:31] [Render thread/INFO] (Minecraft) Loaded 1399 advancements
[22:45:32] [Render thread/INFO] (BiomeModificationImpl) Applied 0 biome modifications to 0 of 64 new biomes in 2.318 ms
[22:45:32] [Server thread/INFO] (Minecraft) Starting integrated minecraft server version 1.21.1
[22:45:32] [Server thread/INFO] (Minecraft) Generating keypair
[22:45:39] [Server thread/INFO] (Minecraft) Preparing start region for dimension minecraft:overworld
[22:45:40] [Render thread/INFO] (Minecraft) Preparing spawn area: 0%
[22:45:40] [Render thread/INFO] (Minecraft) Preparing spawn area: 0%
[22:45:41] [Render thread/INFO] (Minecraft) Preparing spawn area: 2%
[22:45:41] [Render thread/INFO] (Minecraft) Preparing spawn area: 2%
[22:45:41] [Render thread/INFO] (Minecraft) Preparing spawn area: 2%
[22:45:42] [Render thread/INFO] (Minecraft) Preparing spawn area: 2%
[22:45:42] [Render thread/INFO] (Minecraft) Preparing spawn area: 2%
[22:45:43] [Render thread/INFO] (Minecraft) Preparing spawn area: 2%
[22:45:43] [Render thread/INFO] (Minecraft) Preparing spawn area: 2%
[22:45:44] [Render thread/INFO] (Minecraft) Preparing spawn area: 2%
[22:45:44] [Render thread/INFO] (Minecraft) Preparing spawn area: 2%
[22:45:44] [Render thread/INFO] (Minecraft) Preparing spawn area: 2%
[22:45:45] [Render thread/INFO] (Minecraft) Preparing spawn area: 2%
[22:45:45] [Render thread/INFO] (Minecraft) Preparing spawn area: 2%
[22:45:46] [Render thread/INFO] (Minecraft) Preparing spawn area: 2%
[22:45:46] [Render thread/INFO] (Minecraft) Preparing spawn area: 2%
[22:45:47] [Render thread/INFO] (Minecraft) Preparing spawn area: 2%
[22:45:47] [Render thread/INFO] (Minecraft) Preparing spawn area: 18%
[22:45:48] [Render thread/INFO] (Minecraft) Preparing spawn area: 18%
[22:45:48] [Render thread/INFO] (Minecraft) Preparing spawn area: 18%
[22:45:49] [Render thread/INFO] (Minecraft) Preparing spawn area: 18%
[22:45:49] [Render thread/INFO] (Minecraft) Preparing spawn area: 18%
[22:45:50] [Render thread/INFO] (Minecraft) Preparing spawn area: 18%
[22:45:51] [Render thread/INFO] (Minecraft) Preparing spawn area: 51%
[22:45:51] [Render thread/INFO] (Minecraft) Preparing spawn area: 51%
[22:45:51] [Render thread/INFO] (Minecraft) Preparing spawn area: 51%
[22:45:52] [Render thread/INFO] (Minecraft) Preparing spawn area: 51%
[22:45:52] [Render thread/INFO] (Minecraft) Preparing spawn area: 51%
[22:45:53] [Render thread/INFO] (Minecraft) Preparing spawn area: 51%
[22:45:53] [Render thread/INFO] (Minecraft) Preparing spawn area: 51%
[22:45:54] [Render thread/INFO] (Minecraft) Preparing spawn area: 51%
[22:45:54] [Render thread/INFO] (Minecraft) Preparing spawn area: 51%
[22:45:55] [Render thread/INFO] (Minecraft) Preparing spawn area: 51%
[22:45:56] [Render thread/INFO] (Minecraft) Preparing spawn area: 57%
[22:45:56] [Render thread/INFO] (Minecraft) Preparing spawn area: 79%
[22:45:59] [Render thread/INFO] (Minecraft) Time elapsed: 19652 ms
[22:45:59] [Server thread/INFO] (Minecraft) Changing view distance to 12, from 10
[22:45:59] [Server thread/INFO] (Minecraft) Changing simulation distance to 12, from 0
[22:46:02] [Server thread/INFO] (Minecraft) Player869[local:E:1c4942b7] logged in with entity id 20 at (39.5, 71.0, -10.5)
[22:46:02] [Server thread/INFO] (Minecraft) Player869 joined the game
[22:46:14] [Render thread/INFO] (Minecraft) Loaded 2 advancements
[22:46:22] [Server thread/WARN] (Minecraft) Can't keep up! Is the server overloaded? Running 2859ms or 57 ticks behind
[22:46:43] [Server thread/WARN] (Minecraft) Can't keep up! Is the server overloaded? Running 2263ms or 45 ticks behind
[22:47:01] [Server thread/INFO] (Minecraft) Saving and pausing game...
[22:47:02] [Server thread/INFO] (Minecraft) Saving chunks for level 'ServerLevel[New World]'/minecraft:overworld
[22:47:03] [Server thread/INFO] (Minecraft) Saving chunks for level 'ServerLevel[New World]'/minecraft:the_nether
[22:47:03] [Server thread/INFO] (Minecraft) Saving chunks for level 'ServerLevel[New World]'/minecraft:the_end
[22:47:03] [Server thread/WARN] (Minecraft) Can't keep up! Is the server overloaded? Running 5677ms or 113 ticks behind
[22:47:16] [Server thread/INFO] (Minecraft) Changing view distance to 2, from 12
[22:47:16] [Server thread/INFO] (Minecraft) Changing simulation distance to 10, from 12
[22:47:33] [Server thread/INFO] (Minecraft) Player869 has made the advancement [The End?]
[22:47:33] [Server thread/INFO] (Minecraft) [Player869: Teleported Player869 to 39.500000, 77.243150, -10.500000]
[22:47:33] [Render thread/INFO] (Minecraft) [System] [CHAT] Player869 has made the advancement [The End?]
[22:47:33] [Render thread/INFO] (Minecraft) [System] [CHAT] Teleported Player869 to 39.500000, 77.243150, -10.500000
[22:47:36] [Server thread/WARN] (Minecraft) Can't keep up! Is the server overloaded? Running 3344ms or 66 ticks behind
[22:47:36] [Render thread/INFO] (Minecraft) Loaded 17 advancements
[22:47:40] [Server thread/INFO] (Minecraft) Scanning for legacy world dragon fight...
[22:47:40] [Server thread/INFO] (Minecraft) Found that the dragon has not yet been killed in this world.
[22:47:56] [Server thread/INFO] (Minecraft) Saving and pausing game...
[22:47:56] [Server thread/INFO] (Minecraft) Saving chunks for level 'ServerLevel[New World]'/minecraft:overworld
[22:47:56] [Server thread/INFO] (Minecraft) Saving chunks for level 'ServerLevel[New World]'/minecraft:the_nether
[22:47:56] [Server thread/INFO] (Minecraft) Saving chunks for level 'ServerLevel[New World]'/minecraft:the_end
[22:48:00] [Server thread/INFO] (Minecraft) Changing view distance to 12, from 2
[22:48:22] [Server thread/WARN] (Minecraft) Can't keep up! Is the server overloaded? Running 6440ms or 128 ticks behind
[22:48:36] [Server thread/INFO] (Minecraft) Player869 has reached the goal [Sky's the Limit]
[22:48:36] [Render thread/INFO] (Minecraft) [System] [CHAT] Player869 has reached the goal [Sky's the Limit]
[22:48:36] [Render thread/INFO] (Minecraft) Loaded 19 advancements
[22:49:40] [Server thread/INFO] (Minecraft) Locating element minecraft:end_city took 23 ms
[22:49:40] [Render thread/INFO] (Minecraft) [System] [CHAT] The nearest minecraft:end_city is at [384, ~, 1376] (368 blocks away)
[22:49:42] [Server thread/INFO] (Minecraft) [Player869: Teleported Player869 to 384.500000, 66.118136, 1376.500000]
[22:49:42] [Render thread/INFO] (Minecraft) [System] [CHAT] Teleported Player869 to 384.500000, 66.118136, 1376.500000
[22:51:12] [Server thread/INFO] (Minecraft) Saving and pausing game...
[22:51:12] [Server thread/INFO] (Minecraft) Saving chunks for level 'ServerLevel[New World]'/minecraft:overworld
[22:51:12] [Server thread/INFO] (Minecraft) Saving chunks for level 'ServerLevel[New World]'/minecraft:the_nether
[22:51:12] [Server thread/INFO] (Minecraft) Saving chunks for level 'ServerLevel[New World]'/minecraft:the_end
